<?xml version="1.0" encoding="UTF-8"?>
<testng-results ignored="0" total="3" passed="3" failed="0" skipped="0">
  <reporter-output>
  </reporter-output>
  <suite started-at="2022-05-18T10:22:54 IST" name="Suite" finished-at="2022-05-18T10:22:54 IST" duration-ms="225">
    <groups>
    </groups>
    <test started-at="2022-05-18T10:22:54 IST" name="Sum" finished-at="2022-05-18T10:22:54 IST" duration-ms="66">
      <class name="parameter.Sum">
        <test-method signature="add(int,int)[pri:0, instance:parameter.Sum@69997e9d]" started-at="2022-05-18T10:22:54 IST" name="add" finished-at="2022-05-18T10:22:54 IST" duration-ms="11" status="PASS">
          <params>
            <param index="0">
              <value>
                <![CDATA[5]]>
              </value>
            </param>
            <param index="1">
              <value>
                <![CDATA[3]]>
              </value>
            </param>
          </params>
          <reporter-output>
          </reporter-output>
        </test-method> <!-- add -->
      </class> <!-- parameter.Sum -->
    </test> <!-- Sum -->
    <test started-at="2022-05-18T10:22:54 IST" name="Sub" finished-at="2022-05-18T10:22:54 IST" duration-ms="5">
      <class name="parameter.Subtract">
        <test-method signature="add(int,int)[pri:0, instance:parameter.Subtract@43dac38f]" started-at="2022-05-18T10:22:54 IST" name="add" finished-at="2022-05-18T10:22:54 IST" duration-ms="1" status="PASS">
          <params>
            <param index="0">
              <value>
                <![CDATA[5]]>
              </value>
            </param>
            <param index="1">
              <value>
                <![CDATA[3]]>
              </value>
            </param>
          </params>
          <reporter-output>
          </reporter-output>
        </test-method> <!-- add -->
      </class> <!-- parameter.Subtract -->
    </test> <!-- Sub -->
    <test started-at="2022-05-18T10:22:54 IST" name="Mul" finished-at="2022-05-18T10:22:54 IST" duration-ms="6">
      <class name="parameter.Multiplication">
        <test-method signature="add(int,int)[pri:0, instance:parameter.Multiplication@54bff557]" started-at="2022-05-18T10:22:54 IST" name="add" finished-at="2022-05-18T10:22:54 IST" duration-ms="2" status="PASS">
          <params>
            <param index="0">
              <value>
                <![CDATA[5]]>
              </value>
            </param>
            <param index="1">
              <value>
                <![CDATA[3]]>
              </value>
            </param>
          </params>
          <reporter-output>
          </reporter-output>
        </test-method> <!-- add -->
      </class> <!-- parameter.Multiplication -->
    </test> <!-- Mul -->
  </suite> <!-- Suite -->
</testng-results>
